<?xml version="1.0" encoding="UTF-8"?>
<!-- Generated by org.testng.reporters.JUnitReportReporter -->
<testsuite hostname="PYXLE-000354" name="com.GoogleAuto.Nav1RegressionTest" tests="1" failures="0" timestamp="28 Mar 2020 10:55:36 GMT" time="48.005" errors="0">
  <testcase name="nav1" time="48.005" classname="com.GoogleAuto.Nav1RegressionTest"/>
</testsuite> <!-- com.GoogleAuto.Nav1RegressionTest -->
