<?xml version="1.0" encoding="UTF-8"?>
<!-- Generated by org.testng.reporters.JUnitReportReporter -->
<testsuite hostname="PYXLE-000354" name="com.GoogleAuto.UnitTest" tests="5" failures="0" timestamp="20 Apr 2020 03:41:10 GMT" time="118.741" errors="0">
  <testcase name="a1navToLandingPage" time="85.278" classname="com.GoogleAuto.UnitTest"/>
  <testcase name="a2navToSignin" time="10.333" classname="com.GoogleAuto.UnitTest"/>
  <testcase name="a4signOut" time="12.421" classname="com.GoogleAuto.UnitTest"/>
  <testcase name="a5inCred" time="2.701" classname="com.GoogleAuto.UnitTest"/>
  <testcase name="a3authLogIn" time="8.008" classname="com.GoogleAuto.UnitTest"/>
</testsuite> <!-- com.GoogleAuto.UnitTest -->
