<?xml version="1.0" encoding="UTF-8"?>
<!-- Generated by org.testng.reporters.JUnitReportReporter -->
<testsuite hostname="PYXLE-000354" name="com.GoogleAuto.BasicflowRegressionTest" tests="1" failures="0" timestamp="10 Apr 2020 10:23:50 GMT" time="59.680" errors="0">
  <testcase name="basicflow" time="59.680" classname="com.GoogleAuto.BasicflowRegressionTest"/>
</testsuite> <!-- com.GoogleAuto.BasicflowRegressionTest -->
