<?xml version="1.0" encoding="UTF-8"?>
<!-- Generated by org.testng.reporters.JUnitReportReporter -->
<testsuite hostname="PYXLE-000354" name="com.GoogleAuto.BasicflowSanityTest" tests="1" failures="0" timestamp="28 Mar 2020 22:51:41 GMT" time="26.869" errors="0">
  <testcase name="basicflow" time="26.869" classname="com.GoogleAuto.BasicflowSanityTest"/>
</testsuite> <!-- com.GoogleAuto.BasicflowSanityTest -->
