<?xml version="1.0" encoding="UTF-8"?>
<!-- Generated by org.testng.reporters.JUnitReportReporter -->
<testsuite hostname="PYXLE-000354" name="newtest.BasicflowRegressionTest" tests="1" failures="0" timestamp="29 Mar 2020 12:38:16 GMT" time="35.095" errors="0">
  <testcase name="basicflow" time="35.095" classname="newtest.BasicflowRegressionTest"/>
</testsuite> <!-- newtest.BasicflowRegressionTest -->
